null
{"phase":"","message":"DRY RUN MODE - No changes will be made","timestamp":"2026-05-10T11:23:11.341Z","correlation_id":"64690c8c-8a02-453e-b85d-0dd57291f56e","status":"WARNING","event":"STEP_WARNING","pid":10020}
{"phase":"PHASE 1: Pre-Deployment Validation","timestamp":"2026-05-10T11:23:11.421Z","correlation_id":"64690c8c-8a02-453e-b85d-0dd57291f56e","status":"STARTED","event":"PHASE_START","pid":10020}
{"phase":"","message":"PASS","timestamp":"2026-05-10T11:23:11.461Z","correlation_id":"64690c8c-8a02-453e-b85d-0dd57291f56e","status":"SUCCESS","event":"STEP_SUCCESS","pid":10020}
{"phase":"","timestamp":"2026-05-10T11:23:11.466Z","correlation_id":"64690c8c-8a02-453e-b85d-0dd57291f56e","check":"Git repository","status":"PASS","event":"PREREQ_CHECK","pid":10020}
{"phase":"","message":"PASS","timestamp":"2026-05-10T11:23:11.489Z","correlation_id":"64690c8c-8a02-453e-b85d-0dd57291f56e","status":"SUCCESS","event":"STEP_SUCCESS","pid":10020}
{"phase":"","timestamp":"2026-05-10T11:23:11.493Z","correlation_id":"64690c8c-8a02-453e-b85d-0dd57291f56e","check":"Workflow file","status":"PASS","event":"PREREQ_CHECK","pid":10020}
{"phase":"","message":"No baseline hash found. Creating new baseline.","timestamp":"2026-05-10T11:23:11.563Z","correlation_id":"64690c8c-8a02-453e-b85d-0dd57291f56e","status":"WARNING","event":"STEP_WARNING","pid":10020}
{"phase":"","message":"Baseline hash created: D:\\pos7\\.github\\workflows\\constitutional-review.yml.sha256","timestamp":"2026-05-10T11:23:11.570Z","correlation_id":"64690c8c-8a02-453e-b85d-0dd57291f56e","status":"SUCCESS","event":"STEP_SUCCESS","pid":10020}
{"phase":"","timestamp":"2026-05-10T11:23:11.575Z","correlation_id":"64690c8c-8a02-453e-b85d-0dd57291f56e","hash":"B042C142B70BCE0F","status":"PASS","event":"INTEGRITY_VERIFIED","pid":10020}
{"phase":"","message":"PASS","timestamp":"2026-05-10T11:23:11.608Z","correlation_id":"64690c8c-8a02-453e-b85d-0dd57291f56e","status":"SUCCESS","event":"STEP_SUCCESS","pid":10020}
{"phase":"","timestamp":"2026-05-10T11:23:11.610Z","correlation_id":"64690c8c-8a02-453e-b85d-0dd57291f56e","check":"Approvals directory","status":"PASS","event":"PREREQ_CHECK","pid":10020}
{"phase":"","message":"PASS","timestamp":"2026-05-10T11:23:11.633Z","correlation_id":"64690c8c-8a02-453e-b85d-0dd57291f56e","status":"SUCCESS","event":"STEP_SUCCESS","pid":10020}
{"phase":"","timestamp":"2026-05-10T11:23:11.637Z","correlation_id":"64690c8c-8a02-453e-b85d-0dd57291f56e","check":"Approval form","status":"PASS","event":"PREREQ_CHECK","pid":10020}
{"phase":"","message":"FAIL","timestamp":"2026-05-10T11:23:11.661Z","correlation_id":"64690c8c-8a02-453e-b85d-0dd57291f56e","status":"ERROR","event":"STEP_ERROR","pid":10020}
{"phase":"","timestamp":"2026-05-10T11:23:11.665Z","correlation_id":"64690c8c-8a02-453e-b85d-0dd57291f56e","check":"GitHub environment","status":"FAIL","event":"PREREQ_CHECK","pid":10020}
{"phase":"","message":"Skipping signature check (--SkipSignatureCheck flag used)","timestamp":"2026-05-10T11:23:11.670Z","correlation_id":"64690c8c-8a02-453e-b85d-0dd57291f56e","status":"WARNING","event":"STEP_WARNING","pid":10020}
{"phase":"","message":"Pre-deployment validation FAILED. Fix issues before proceeding.","timestamp":"2026-05-10T11:23:11.676Z","correlation_id":"64690c8c-8a02-453e-b85d-0dd57291f56e","status":"ERROR","event":"STEP_ERROR","pid":10020}
{"phase":"","message":"Deployment ABORTED: Pre-deployment validation failed","timestamp":"2026-05-10T11:23:11.682Z","correlation_id":"64690c8c-8a02-453e-b85d-0dd57291f56e","status":"ERROR","event":"STEP_ERROR","pid":10020}
{"phase":"","message":"FATAL ERROR: Item has already been added. Key in dictionary: 'phase'  Key being added: 'phase'","timestamp":"2026-05-10T11:23:11.761Z","correlation_id":"64690c8c-8a02-453e-b85d-0dd57291f56e","status":"ERROR","event":"STEP_ERROR","pid":10020}
{"phase":"","timestamp":"2026-05-10T11:23:11.766Z","correlation_id":"64690c8c-8a02-453e-b85d-0dd57291f56e","status":"CRITICAL","event":"DEPLOYMENT_FATAL","pid":10020,"error":"Item has already been added. Key in dictionary: 'phase'  Key being added: 'phase'"}
{"phase":"","message":"INITIATING ROLLBACK: Fatal error during deployment: Item has already been added. Key in dictionary: 'phase'  Key being added: 'phase'","timestamp":"2026-05-10T11:23:11.774Z","correlation_id":"64690c8c-8a02-453e-b85d-0dd57291f56e","status":"ERROR","event":"STEP_ERROR","pid":10020}
{"phase":"","timestamp":"2026-05-10T11:23:11.778Z","correlation_id":"64690c8c-8a02-453e-b85d-0dd57291f56e","status":"CRITICAL","event":"ROLLBACK_INITIATED","reason":"Fatal error during deployment: Item has already been added. Key in dictionary: 'phase'  Key being added: 'phase'","pid":10020}
null
{"pid":4832,"phase":"","status":"WARNING","event":"STEP_WARNING","message":"DRY RUN MODE - No changes will be made","correlation_id":"44fcd0eb-fcd1-421c-8e7c-c2d129efe4a8","timestamp":"2026-05-10T11:26:15.803Z"}
{"pid":4832,"phase":"PHASE 1: Pre-Deployment Validation","status":"STARTED","event":"PHASE_START","correlation_id":"44fcd0eb-fcd1-421c-8e7c-c2d129efe4a8","timestamp":"2026-05-10T11:26:15.817Z"}
{"pid":4832,"phase":"","status":"SUCCESS","event":"STEP_SUCCESS","message":"PASS","correlation_id":"44fcd0eb-fcd1-421c-8e7c-c2d129efe4a8","timestamp":"2026-05-10T11:26:15.828Z"}
{"pid":4832,"check":"Git repository","phase":"","status":"PASS","event":"PREREQ_CHECK","correlation_id":"44fcd0eb-fcd1-421c-8e7c-c2d129efe4a8","timestamp":"2026-05-10T11:26:15.830Z"}
{"pid":4832,"phase":"","status":"SUCCESS","event":"STEP_SUCCESS","message":"PASS","correlation_id":"44fcd0eb-fcd1-421c-8e7c-c2d129efe4a8","timestamp":"2026-05-10T11:26:15.835Z"}
{"pid":4832,"check":"Workflow file","phase":"","status":"PASS","event":"PREREQ_CHECK","correlation_id":"44fcd0eb-fcd1-421c-8e7c-c2d129efe4a8","timestamp":"2026-05-10T11:26:15.839Z"}
{"pid":4832,"phase":"","status":"SUCCESS","event":"STEP_SUCCESS","message":"Workflow integrity verified (SHA256 match)","correlation_id":"44fcd0eb-fcd1-421c-8e7c-c2d129efe4a8","timestamp":"2026-05-10T11:26:15.858Z"}
{"hash":"B042C142B70BCE0F","pid":4832,"phase":"","status":"PASS","event":"INTEGRITY_VERIFIED","correlation_id":"44fcd0eb-fcd1-421c-8e7c-c2d129efe4a8","timestamp":"2026-05-10T11:26:15.861Z"}
{"pid":4832,"phase":"","status":"SUCCESS","event":"STEP_SUCCESS","message":"PASS","correlation_id":"44fcd0eb-fcd1-421c-8e7c-c2d129efe4a8","timestamp":"2026-05-10T11:26:15.947Z"}
{"pid":4832,"check":"Approvals directory","phase":"","status":"PASS","event":"PREREQ_CHECK","correlation_id":"44fcd0eb-fcd1-421c-8e7c-c2d129efe4a8","timestamp":"2026-05-10T11:26:15.949Z"}
{"pid":4832,"phase":"","status":"SUCCESS","event":"STEP_SUCCESS","message":"PASS","correlation_id":"44fcd0eb-fcd1-421c-8e7c-c2d129efe4a8","timestamp":"2026-05-10T11:26:15.953Z"}
{"pid":4832,"check":"Approval form","phase":"","status":"PASS","event":"PREREQ_CHECK","correlation_id":"44fcd0eb-fcd1-421c-8e7c-c2d129efe4a8","timestamp":"2026-05-10T11:26:15.958Z"}
{"pid":4832,"phase":"","status":"ERROR","event":"STEP_ERROR","message":"FAIL","correlation_id":"44fcd0eb-fcd1-421c-8e7c-c2d129efe4a8","timestamp":"2026-05-10T11:26:15.964Z"}
{"pid":4832,"check":"GitHub environment","phase":"","status":"FAIL","event":"PREREQ_CHECK","correlation_id":"44fcd0eb-fcd1-421c-8e7c-c2d129efe4a8","timestamp":"2026-05-10T11:26:15.967Z"}
{"pid":4832,"phase":"","status":"WARNING","event":"STEP_WARNING","message":"Skipping signature check (--SkipSignatureCheck flag used)","correlation_id":"44fcd0eb-fcd1-421c-8e7c-c2d129efe4a8","timestamp":"2026-05-10T11:26:15.970Z"}
{"pid":4832,"phase":"","status":"ERROR","event":"STEP_ERROR","message":"Pre-deployment validation FAILED. Fix issues before proceeding.","correlation_id":"44fcd0eb-fcd1-421c-8e7c-c2d129efe4a8","timestamp":"2026-05-10T11:26:15.975Z"}
{"pid":4832,"phase":"","status":"ERROR","event":"STEP_ERROR","message":"Deployment ABORTED: Pre-deployment validation failed","correlation_id":"44fcd0eb-fcd1-421c-8e7c-c2d129efe4a8","timestamp":"2026-05-10T11:26:15.978Z"}
{"pid":4832,"phase":"","status":"ERROR","event":"STEP_ERROR","message":"FATAL ERROR: Item has already been added. Key in dictionary: 'phase'  Key being added: 'phase'","correlation_id":"44fcd0eb-fcd1-421c-8e7c-c2d129efe4a8","timestamp":"2026-05-10T11:26:15.986Z"}
{"pid":4832,"error":"Item has already been added. Key in dictionary: 'phase'  Key being added: 'phase'","phase":"","status":"CRITICAL","event":"DEPLOYMENT_FATAL","correlation_id":"44fcd0eb-fcd1-421c-8e7c-c2d129efe4a8","timestamp":"2026-05-10T11:26:15.991Z"}
{"pid":4832,"phase":"","status":"ERROR","event":"STEP_ERROR","message":"INITIATING ROLLBACK: Fatal error during deployment: Item has already been added. Key in dictionary: 'phase'  Key being added: 'phase'","correlation_id":"44fcd0eb-fcd1-421c-8e7c-c2d129efe4a8","timestamp":"2026-05-10T11:26:15.997Z"}
{"reason":"Fatal error during deployment: Item has already been added. Key in dictionary: 'phase'  Key being added: 'phase'","pid":4832,"phase":"","status":"CRITICAL","event":"ROLLBACK_INITIATED","correlation_id":"44fcd0eb-fcd1-421c-8e7c-c2d129efe4a8","timestamp":"2026-05-10T11:26:15.999Z"}
